# JRE version: OpenJDK Runtime Environment Microsoft-8035246 (17.0.8+7) (build 17.0.8+7-LTS)
# Java VM: OpenJDK 64-Bit Server VM Microsoft-8035246 (17.0.8+7-LTS, mixed mode, sharing, tiered, compressed oops, compressed class ptrs, g1 gc, windows-amd64)
GC Precious Log:
 CPUs: 12 total, 12 available
 Memory: 15693M
 Large Page Support: Disabled
 NUMA Support: Disabled
 Compressed Oops: Enabled (32-bit)
 Heap Region Size: 1M
 Heap Min Capacity: 8M
 Heap Initial Capacity: 246M
 Heap Max Capacity: 2G
 Pre-touch: Disabled
 Parallel Workers: 10
 Concurrent Workers: 3
 Concurrent Refinement Workers: 10
 Periodic GC: Disabled
Heap:
 garbage-first heap   total 345088K, used 229657K [0x0000000080000000, 0x0000000100000000)
  region size 1024K, 94 young (96256K), 12 survivors (12288K)
 Metaspace       used 97894K, committed 98880K, reserved 557056K
  class space    used 13811K, committed 14272K, reserved 425984K
GC Heap History (20 events):
Event: 27.730 GC heap before
{Heap before GC invocations=55 (full 0):
 garbage-first heap   total 200704K, used 148754K [0x0000000080000000, 0x0000000100000000)
  region size 1024K, 37 young (37888K), 4 survivors (4096K)
 Metaspace       used 87556K, committed 88384K, reserved 557056K
  class space    used 12361K, committed 12736K, reserved 425984K
}
Event: 27.735 GC heap after
{Heap after GC invocations=56 (full 0):
 garbage-first heap   total 200704K, used 122561K [0x0000000080000000, 0x0000000100000000)
  region size 1024K, 5 young (5120K), 5 survivors (5120K)
 Metaspace       used 87556K, committed 88384K, reserved 557056K
  class space    used 12361K, committed 12736K, reserved 425984K
}
Event: 27.802 GC heap before
{Heap before GC invocations=56 (full 0):
 garbage-first heap   total 200704K, used 126657K [0x0000000080000000, 0x0000000100000000)
  region size 1024K, 9 young (9216K), 5 survivors (5120K)
 Metaspace       used 87584K, committed 88384K, reserved 557056K
  class space    used 12363K, committed 12736K, reserved 425984K
}
Event: 27.806 GC heap after
{Heap after GC invocations=57 (full 0):
 garbage-first heap   total 200704K, used 123633K [0x0000000080000000, 0x0000000100000000)
  region size 1024K, 2 young (2048K), 2 survivors (2048K)
 Metaspace       used 87584K, committed 88384K, reserved 557056K
  class space    used 12363K, committed 12736K, reserved 425984K
}
Event: 27.822 GC heap before
{Heap before GC invocations=57 (full 0):
 garbage-first heap   total 200704K, used 123633K [0x0000000080000000, 0x0000000100000000)
  region size 1024K, 3 young (3072K), 2 survivors (2048K)
 Metaspace       used 87610K, committed 88384K, reserved 557056K
  class space    used 12367K, committed 12736K, reserved 425984K
}
Event: 27.824 GC heap after
{Heap after GC invocations=58 (full 0):
 garbage-first heap   total 200704K, used 123782K [0x0000000080000000, 0x0000000100000000)
  region size 1024K, 2 young (2048K), 2 survivors (2048K)
 Metaspace       used 87610K, committed 88384K, reserved 557056K
  class space    used 12367K, committed 12736K, reserved 425984K
}
Event: 28.360 GC heap before
{Heap before GC invocations=59 (full 0):
 garbage-first heap   total 215040K, used 157574K [0x0000000080000000, 0x0000000100000000)
  region size 1024K, 33 young (33792K), 2 survivors (2048K)
 Metaspace       used 88536K, committed 89408K, reserved 557056K
  class space    used 12481K, committed 12864K, reserved 425984K
}
Event: 28.364 GC heap after
{Heap after GC invocations=60 (full 0):
 garbage-first heap   total 215040K, used 131923K [0x0000000080000000, 0x0000000100000000)
  region size 1024K, 5 young (5120K), 5 survivors (5120K)
 Metaspace       used 88536K, committed 89408K, reserved 557056K
  class space    used 12481K, committed 12864K, reserved 425984K
}
Event: 28.426 GC heap before
{Heap before GC invocations=60 (full 0):
 garbage-first heap   total 215040K, used 137043K [0x0000000080000000, 0x0000000100000000)
  region size 1024K, 10 young (10240K), 5 survivors (5120K)
 Metaspace       used 88808K, committed 89728K, reserved 557056K
  class space    used 12521K, committed 12928K, reserved 425984K
}
Event: 28.430 GC heap after
{Heap after GC invocations=61 (full 0):
 garbage-first heap   total 215040K, used 132079K [0x0000000080000000, 0x0000000100000000)
  region size 1024K, 1 young (1024K), 1 survivors (1024K)
 Metaspace       used 88808K, committed 89728K, reserved 557056K
  class space    used 12521K, committed 12928K, reserved 425984K
}
Event: 29.009 GC heap before
{Heap before GC invocations=61 (full 0):
 garbage-first heap   total 215040K, used 165871K [0x0000000080000000, 0x0000000100000000)
  region size 1024K, 34 young (34816K), 1 survivors (1024K)
 Metaspace       used 91514K, committed 92416K, reserved 557056K
  class space    used 12950K, committed 13376K, reserved 425984K
}
Event: 29.013 GC heap after
{Heap after GC invocations=62 (full 0):
 garbage-first heap   total 215040K, used 133318K [0x0000000080000000, 0x0000000100000000)
  region size 1024K, 2 young (2048K), 2 survivors (2048K)
 Metaspace       used 91514K, committed 92416K, reserved 557056K
  class space    used 12950K, committed 13376K, reserved 425984K
}
Event: 29.765 GC heap before
{Heap before GC invocations=63 (full 0):
 garbage-first heap   total 230400K, used 168134K [0x0000000080000000, 0x0000000100000000)
  region size 1024K, 36 young (36864K), 2 survivors (2048K)
 Metaspace       used 94155K, committed 95104K, reserved 557056K
  class space    used 13278K, committed 13696K, reserved 425984K
}
Event: 29.770 GC heap after
{Heap after GC invocations=64 (full 0):
 garbage-first heap   total 230400K, used 136390K [0x0000000080000000, 0x0000000100000000)
  region size 1024K, 5 young (5120K), 5 survivors (5120K)
 Metaspace       used 94155K, committed 95104K, reserved 557056K
  class space    used 13278K, committed 13696K, reserved 425984K
}
Event: 29.837 GC heap before
{Heap before GC invocations=64 (full 0):
 garbage-first heap   total 230400K, used 141510K [0x0000000080000000, 0x0000000100000000)
  region size 1024K, 11 young (11264K), 5 survivors (5120K)
 Metaspace       used 94519K, committed 95488K, reserved 557056K
  class space    used 13317K, committed 13760K, reserved 425984K
}
Event: 29.842 GC heap after
{Heap after GC invocations=65 (full 0):
 garbage-first heap   total 230400K, used 136841K [0x0000000080000000, 0x0000000100000000)
  region size 1024K, 1 young (1024K), 1 survivors (1024K)
 Metaspace       used 94519K, committed 95488K, reserved 557056K
  class space    used 13317K, committed 13760K, reserved 425984K
}
Event: 30.425 GC heap before
{Heap before GC invocations=65 (full 0):
 garbage-first heap   total 230400K, used 179849K [0x0000000080000000, 0x0000000100000000)
  region size 1024K, 43 young (44032K), 1 survivors (1024K)
 Metaspace       used 95949K, committed 96832K, reserved 557056K
  class space    used 13484K, committed 13888K, reserved 425984K
}
Event: 30.430 GC heap after
{Heap after GC invocations=66 (full 0):
 garbage-first heap   total 345088K, used 140913K [0x0000000080000000, 0x0000000100000000)
  region size 1024K, 5 young (5120K), 5 survivors (5120K)
 Metaspace       used 95949K, committed 96832K, reserved 557056K
  class space    used 13484K, committed 13888K, reserved 425984K
}
Event: 31.716 GC heap before
{Heap before GC invocations=66 (full 0):
 garbage-first heap   total 345088K, used 242289K [0x0000000080000000, 0x0000000100000000)
  region size 1024K, 105 young (107520K), 5 survivors (5120K)
 Metaspace       used 97758K, committed 98688K, reserved 557056K
  class space    used 13809K, committed 14272K, reserved 425984K
}
Event: 31.725 GC heap after
{Heap after GC invocations=67 (full 0):
 garbage-first heap   total 345088K, used 147737K [0x0000000080000000, 0x0000000100000000)
  region size 1024K, 12 young (12288K), 12 survivors (12288K)
 Metaspace       used 97758K, committed 98688K, reserved 557056K
  class space    used 13809K, committed 14272K, reserved 425984K
}

